INFO  2015-07-16 19:31:33,307 (Saros.java:256) Starting Saros 13.12.6.1 running:
  Java Version: 1.8.0_45
  Java Vendor: Oracle Corporation
  Eclipse Runtime Version: 3.10.0.v20140318-2214
  Operating System: Windows 8 (6.2)
  Hardware Architecture: x86
INFO  2015-07-16 19:31:33,429 (XMPPAccountStore.java:103) loaded 1 accounts
INFO  2015-07-16 19:31:33,501 (PreferenceInitializer.java:53) initializing preference default values
DEBUG 2015-07-16 19:31:33,510 (DataTransferManager.java:444) used transport order for the current XMPP connection: [de.fu_berlin.inf.dpp.net.internal.Socks5Transport@1ce4140, de.fu_berlin.inf.dpp.net.internal.IBBTransport@1f0c5e7]
DEBUG 2015-07-16 19:31:33,580 (StreamServiceManager.java:225) StreamServices added:
  SendFile
  AudioService
  VideoSharing
DEBUG 2015-07-16 19:31:33,709 (SarosAnnotation.java:112) resetting annotation colors
WARN  2015-07-16 19:31:34,312 (NullSarosSession.java:64) unexpected method call
WARN  2015-07-16 19:31:34,318 (NullSarosSession.java:64) unexpected method call
DEBUG 2015-07-16 19:31:43,887 (SharedDocumentProvider.java:79) SharedDocumentProvider created by Eclipse
WARN  2015-07-16 19:31:47,434 (NullSarosSession.java:64) unexpected method call
WARN  2015-07-16 19:31:47,441 (NullSarosSession.java:64) unexpected method call
DEBUG 2015-07-16 19:31:51,231 (WhiteboardManager.java:108) WhiteboardManager instantiated
DEBUG 2015-07-16 19:31:51,258 (DocumentRecord.java:93) Added Node: attr(143707151125351809) name=svg
DEBUG 2015-07-16 19:31:52,328 (SarosNet.java:423) started Socks5 proxy on port: 7777 [listening on all interfaces]
DEBUG 2015-07-16 19:31:52,430 (SarosNet.java:433) found interface addresses: [192.168.2.8, 2001:0:5ef5:79fd:188f:211b:ac19:4979, fe80:0:0:0:188f:211b:ac19:4979%net0, fe80:0:0:0:c96:2c63:8915:4230%wlan0]
DEBUG 2015-07-16 19:31:52,493 (SarosNet.java:383)  new connection state == CONNECTING
DEBUG 2015-07-16 19:31:55,445 (SarosNet.java:383) cheesemonkey@saros-con.imp.fu-berlin.de/Saros new connection state == CONNECTED
DEBUG 2015-07-16 19:31:55,446 (DataTransferManager.java:444) used transport order for the current XMPP connection: [de.fu_berlin.inf.dpp.net.internal.Socks5Transport@1ce4140, de.fu_berlin.inf.dpp.net.internal.IBBTransport@1f0c5e7]
DEBUG 2015-07-16 19:31:55,448 (SkypeManager.java:286) Refreshing Skype username cache...
WARN  2015-07-16 19:32:03,082 (StunServiceImpl.java:420) received no response from STUN server stunserver.org/69.172.201.208:3478 at local address /192.168.2.8:0
