INFO  2015-07-13 11:30:27,636 (Saros.java:256) Starting Saros 13.12.6.1 running:
  Java Version: 1.8.0_45
  Java Vendor: Oracle Corporation
  Eclipse Runtime Version: 3.10.0.v20140318-2214
  Operating System: Windows 8 (6.2)
  Hardware Architecture: x86
INFO  2015-07-13 11:30:27,885 (XMPPAccountStore.java:103) loaded 0 accounts
INFO  2015-07-13 11:30:27,935 (PreferenceInitializer.java:53) initializing preference default values
DEBUG 2015-07-13 11:30:27,959 (DataTransferManager.java:444) used transport order for the current XMPP connection: [de.fu_berlin.inf.dpp.net.internal.Socks5Transport@99799b, de.fu_berlin.inf.dpp.net.internal.IBBTransport@1ea226b]
DEBUG 2015-07-13 11:30:28,043 (StreamServiceManager.java:225) StreamServices added:
  SendFile
  AudioService
  VideoSharing
DEBUG 2015-07-13 11:30:28,108 (SarosAnnotation.java:112) resetting annotation colors
DEBUG 2015-07-13 11:30:28,183 (Saros.java:296) autogenerated favorite color id is: 4
WARN  2015-07-13 11:30:28,446 (NullSarosSession.java:64) unexpected method call
WARN  2015-07-13 11:30:28,453 (NullSarosSession.java:64) unexpected method call
DEBUG 2015-07-13 11:30:36,274 (SharedDocumentProvider.java:79) SharedDocumentProvider created by Eclipse
WARN  2015-07-13 11:30:40,138 (NullSarosSession.java:64) unexpected method call
WARN  2015-07-13 11:30:40,147 (NullSarosSession.java:64) unexpected method call
DEBUG 2015-07-13 11:30:41,461 (WhiteboardManager.java:108) WhiteboardManager instantiated
DEBUG 2015-07-13 11:30:41,487 (DocumentRecord.java:93) Added Node: attr(14367834414841613) name=svg
DEBUG 2015-07-13 11:34:01,039 (CreateXMPPAccountWizard.java:129) Account creation succeeded: username=CheeseMonkey, server=saros-con.imp.fu-berlin.de
INFO  2015-07-13 11:34:01,061 (XMPPAccountStore.java:161) saved 1 accounts
DEBUG 2015-07-13 11:34:23,886 (SarosNet.java:423) started Socks5 proxy on port: 7777 [listening on all interfaces]
DEBUG 2015-07-13 11:34:24,017 (SarosNet.java:433) found interface addresses: [192.168.2.8, 2001:0:5ef5:79fd:3447:38e7:ac19:4979, fe80:0:0:0:3447:38e7:ac19:4979%net0, fe80:0:0:0:c96:2c63:8915:4230%wlan0]
DEBUG 2015-07-13 11:34:24,021 (SarosNet.java:383)  new connection state == CONNECTING
DEBUG 2015-07-13 11:34:26,095 (SarosNet.java:383) cheesemonkey@saros-con.imp.fu-berlin.de/Saros new connection state == CONNECTED
DEBUG 2015-07-13 11:34:26,097 (DataTransferManager.java:444) used transport order for the current XMPP connection: [de.fu_berlin.inf.dpp.net.internal.Socks5Transport@99799b, de.fu_berlin.inf.dpp.net.internal.IBBTransport@1ea226b]
DEBUG 2015-07-13 11:34:26,099 (SkypeManager.java:286) Refreshing Skype username cache...
INFO  2015-07-13 11:34:26,233 (SingleUserChatService.java:84) chat created between cheesemonkey@saros-con.imp.fu-berlin.de/Saros <->saros-con.imp.fu-berlin.de, created local: false
WARN  2015-07-13 11:34:34,380 (StunServiceImpl.java:420) received no response from STUN server stunserver.org/69.172.201.208:3478 at local address /192.168.2.8:0
DEBUG 2015-07-13 11:44:40,633 (SubscriptionManager.java:109) contact requests to subscribe to us: mrpointyhead@saros-con.imp.fu-berlin.de
DEBUG 2015-07-13 11:45:41,887 (SubscriptionManager.java:101) contact subscribed to us: mrpointyhead@saros-con.imp.fu-berlin.de
DEBUG 2015-07-13 11:46:00,937 (DiscoveryManager.java:381) Inserted DiscoveryInfo into Cache for: mrpointyhead@saros-con.imp.fu-berlin.de/Saros
DEBUG 2015-07-13 11:46:21,184 (DiscoveryManager.java:98) clearing cache entry of contact mrpointyhead@saros-con.imp.fu-berlin.de/Saros: <query xmlns="http://jabber.org/protocol/disco#info"><identity category="client" name="Smack" type="pc"/><feature var="http://jabber.org/protocol/disco#items"/><feature var="urn:xmpp:ping"/><feature var="jabber:iq:last"/><feature var="http://jabber.org/protocol/commands"/><feature var="http://jabber.org/protocol/muc"/><feature var="http://jabber.org/protocol/bytestreams"/><feature var="http://jabber.org/protocol/xhtml-im"/><feature var="de.fu_berlin.inf.dpp"/><feature var="http://jabber.org/protocol/chatstates"/><feature var="http://jabber.org/protocol/disco#info"/></query>
DEBUG 2015-07-13 11:46:21,423 (DiscoveryManager.java:381) Inserted DiscoveryInfo into Cache for: mrpointyhead@saros-con.imp.fu-berlin.de/Saros
INFO  2015-07-13 11:48:22,817 (SingleUserChatService.java:84) chat created between cheesemonkey@saros-con.imp.fu-berlin.de/Saros <->mrpointyhead@saros-con.imp.fu-berlin.de, created local: false
INFO  2015-07-13 11:48:22,818 (SingleUserChatService.java:107) skipping notification of listeners because the chat already exists
INFO  2015-07-13 11:48:47,541 (SingleUserChatService.java:84) chat created between cheesemonkey@saros-con.imp.fu-berlin.de/Saros <->mrpointyhead@saros-con.imp.fu-berlin.de, created local: false
INFO  2015-07-13 11:48:47,542 (SingleUserChatService.java:107) skipping notification of listeners because the chat already exists
DEBUG 2015-07-13 11:57:07,168 (SarosNet.java:383) cheesemonkey@saros-con.imp.fu-berlin.de/Saros new connection state == DISCONNECTING
DEBUG 2015-07-13 11:57:07,503 (SarosNet.java:383)  new connection state == NOT_CONNECTED
WARN  2015-07-13 11:57:13,577 (NullSarosSession.java:64) unexpected method call
WARN  2015-07-13 11:57:13,581 (NullSarosSession.java:64) unexpected method call
DEBUG 2015-07-13 11:57:13,799 (UPnPServiceImpl.java:295) deleting existing port mappings
